


ARM Macro Assembler    Page 1 


    1 00000000         ;*******************************************************
                       *******************
    2 00000000         ;* File Name    : startup_at32f403cx_xl.s
    3 00000000         ;* Description  : at32f4xx startup file for keil
    4 00000000         ;* Date         : 2018-02-26
    5 00000000         ;* Version      : V1.0.4
    6 00000000         ;*******************************************************
                       *******************
    7 00000000         ;
    8 00000000         
    9 00000000         ; Amount of memory (in bytes) allocated for Stack
   10 00000000         ; Tailor this value to your application needs
   11 00000000         ; <h> Stack Configuration
   12 00000000         ;   <o> Stack Size (in Bytes) <0x0-0xFFFFFFFF:8>
   13 00000000         ; </h>
   14 00000000         
   15 00000000 00000400 
                       Stack_Size
                               EQU              0x00000400
   16 00000000         
   17 00000000                 AREA             STACK, NOINIT, READWRITE, ALIGN
=3
   18 00000000         Stack_Mem
                               SPACE            Stack_Size
   19 00000400         __initial_sp
   20 00000400         
   21 00000400         ; <h> Heap Configuration
   22 00000400         ;   <o>  Heap Size (in Bytes) <0x0-0xFFFFFFFF:8>
   23 00000400         ; </h>
   24 00000400         
   25 00000400 00000200 
                       Heap_Size
                               EQU              0x00000200
   26 00000400         
   27 00000400                 AREA             HEAP, NOINIT, READWRITE, ALIGN=
3
   28 00000000         __heap_base
   29 00000000         Heap_Mem
                               SPACE            Heap_Size
   30 00000200         __heap_limit
   31 00000200         
   32 00000200                 PRESERVE8
   33 00000200                 THUMB
   34 00000200         
   35 00000200         
   36 00000200         ; Vector Table Mapped to Address 0 at Reset
   37 00000200                 AREA             RESET, DATA, READONLY
   38 00000000                 EXPORT           __Vectors
   39 00000000                 EXPORT           __Vectors_End
   40 00000000                 EXPORT           __Vectors_Size
   41 00000000         
   42 00000000 00000000 
                       __Vectors
                               DCD              __initial_sp ; Top of Stack
   43 00000004 00000000        DCD              Reset_Handler ; Reset Handler
   44 00000008 00000000        DCD              NMI_Handler ; NMI Handler
   45 0000000C 00000000        DCD              HardFault_Handler ; Hard Fault 
                                                            Handler
   46 00000010 00000000        DCD              MemManage_Handler 



ARM Macro Assembler    Page 2 


                                                            ; MPU Fault Handler
                                                            
   47 00000014 00000000        DCD              BusFault_Handler 
                                                            ; Bus Fault Handler
                                                            
   48 00000018 00000000        DCD              UsageFault_Handler ; Usage Faul
                                                            t Handler
   49 0000001C 00000000        DCD              0           ; Reserved
   50 00000020 00000000        DCD              0           ; Reserved
   51 00000024 00000000        DCD              0           ; Reserved
   52 00000028 00000000        DCD              0           ; Reserved
   53 0000002C 00000000        DCD              SVC_Handler ; SVCall Handler
   54 00000030 00000000        DCD              DebugMon_Handler ; Debug Monito
                                                            r Handler
   55 00000034 00000000        DCD              0           ; Reserved
   56 00000038 00000000        DCD              PendSV_Handler ; PendSV Handler
                                                            
   57 0000003C 00000000        DCD              SysTick_Handler 
                                                            ; SysTick Handler
   58 00000040         
   59 00000040         ; External Interrupts
   60 00000040 00000000        DCD              WWDG_IRQHandler 
                                                            ; Window Watchdog
   61 00000044 00000000        DCD              PVD_IRQHandler ; PVD through EX
                                                            TI Line detect
   62 00000048 00000000        DCD              TAMPER_IRQHandler ; Tamper
   63 0000004C 00000000        DCD              RTC_IRQHandler ; RTC
   64 00000050 00000000        DCD              FLASH_IRQHandler ; Flash
   65 00000054 00000000        DCD              RCC_IRQHandler ; RCC
   66 00000058 00000000        DCD              EXTI0_IRQHandler ; EXTI Line 0
   67 0000005C 00000000        DCD              EXTI1_IRQHandler ; EXTI Line 1
   68 00000060 00000000        DCD              EXTI2_IRQHandler ; EXTI Line 2
   69 00000064 00000000        DCD              EXTI3_IRQHandler ; EXTI Line 3
   70 00000068 00000000        DCD              EXTI4_IRQHandler ; EXTI Line 4
   71 0000006C 00000000        DCD              DMA1_Channel1_IRQHandler 
                                                            ; DMA1 Channel 1
   72 00000070 00000000        DCD              DMA1_Channel2_IRQHandler 
                                                            ; DMA1 Channel 2
   73 00000074 00000000        DCD              DMA1_Channel3_IRQHandler 
                                                            ; DMA1 Channel 3
   74 00000078 00000000        DCD              DMA1_Channel4_IRQHandler 
                                                            ; DMA1 Channel 4
   75 0000007C 00000000        DCD              DMA1_Channel5_IRQHandler 
                                                            ; DMA1 Channel 5
   76 00000080 00000000        DCD              DMA1_Channel6_IRQHandler 
                                                            ; DMA1 Channel 6
   77 00000084 00000000        DCD              DMA1_Channel7_IRQHandler 
                                                            ; DMA1 Channel 7
   78 00000088 00000000        DCD              ADC1_2_IRQHandler ; ADC1 & ADC2
                                                            
   79 0000008C 00000000        DCD              USB_HP_CAN1_TX_IRQHandler ; USB
                                                             High Priority or C
                                                            AN1 TX
   80 00000090 00000000        DCD              USB_LP_CAN1_RX0_IRQHandler ; US
                                                            B Low  Priority or 
                                                            CAN1 RX0
   81 00000094 00000000        DCD              CAN1_RX1_IRQHandler ; CAN1 RX1
   82 00000098 00000000        DCD              CAN1_SCE_IRQHandler ; CAN1 SCE
   83 0000009C 00000000        DCD              EXTI9_5_IRQHandler 



ARM Macro Assembler    Page 3 


                                                            ; EXTI Line [9:5]
   84 000000A0 00000000        DCD              TMR1_BRK_TMR9_IRQHandler ; TMR1
                                                             Break and TMR9
   85 000000A4 00000000        DCD              TMR1_OV_TMR10_IRQHandler ; TMR1
                                                             Update and TMR10
   86 000000A8 00000000        DCD              TMR1_TRG_HALL_TMR11_IRQHandler 
                                                            ; TMR1 Trigger and 
                                                            Commutation and TMR
                                                            11
   87 000000AC 00000000        DCD              TMR1_CC_IRQHandler ; TMR1 Captu
                                                            re Compare
   88 000000B0 00000000        DCD              TMR2_GLOBAL_IRQHandler ; TMR2
   89 000000B4 00000000        DCD              TMR3_GLOBAL_IRQHandler ; TMR3
   90 000000B8 00000000        DCD              TMR4_GLOBAL_IRQHandler ; TMR4
   91 000000BC 00000000        DCD              I2C1_EV_IRQHandler ; I2C1 Event
                                                            
   92 000000C0 00000000        DCD              I2C1_ER_IRQHandler ; I2C1 Error
                                                            
   93 000000C4 00000000        DCD              I2C2_EV_IRQHandler ; I2C2 Event
                                                            
   94 000000C8 00000000        DCD              I2C2_ER_IRQHandler ; I2C2 Error
                                                            
   95 000000CC 00000000        DCD              SPI1_IRQHandler ; SPI1
   96 000000D0 00000000        DCD              SPI2_IRQHandler ; SPI2
   97 000000D4 00000000        DCD              USART1_IRQHandler ; USART1
   98 000000D8 00000000        DCD              USART2_IRQHandler ; USART2
   99 000000DC 00000000        DCD              USART3_IRQHandler ; USART3
  100 000000E0 00000000        DCD              EXTI15_10_IRQHandler 
                                                            ; EXTI Line [15:10]
                                                            
  101 000000E4 00000000        DCD              RTCAlarm_IRQHandler ; RTC Alarm
                                                             through EXTI Line
  102 000000E8 00000000        DCD              USBWakeUp_IRQHandler ; USB Wake
                                                            up from suspend
  103 000000EC 00000000        DCD              TMR8_BRK_TMR12_IRQHandler ; TMR
                                                            8 Break and TMR12
  104 000000F0 00000000        DCD              TMR8_OV_TMR13_IRQHandler ; TMR8
                                                             Update and TMR13
  105 000000F4 00000000        DCD              TMR8_TRG_HALL_TMR14_IRQHandler 
                                                            ; TMR8 Trigger and 
                                                            Commutation and TMR
                                                            14
  106 000000F8 00000000        DCD              TMR8_CC_IRQHandler ; TMR8 Captu
                                                            re Compare
  107 000000FC 00000000        DCD              ADC3_IRQHandler ; ADC3
  108 00000100 00000000        DCD              0           ; Reserved
  109 00000104 00000000        DCD              0           ; Reserved
  110 00000108 00000000        DCD              TMR5_GLOBAL_IRQHandler ; TMR5
  111 0000010C 00000000        DCD              SPI3_IRQHandler ; SPI3
  112 00000110 00000000        DCD              0           ; Reserved
  113 00000114 00000000        DCD              0           ; Reserved
  114 00000118 00000000        DCD              TMR6_GLOBAL_IRQHandler ; TMR6
  115 0000011C 00000000        DCD              TMR7_GLOBAL_IRQHandler ; TMR7
  116 00000120 00000000        DCD              DMA2_Channel1_IRQHandler 
                                                            ; DMA2 Channel1
  117 00000124 00000000        DCD              DMA2_Channel2_IRQHandler 
                                                            ; DMA2 Channel2
  118 00000128 00000000        DCD              DMA2_Channel3_IRQHandler 
                                                            ; DMA2 Channel3



ARM Macro Assembler    Page 4 


  119 0000012C 00000000        DCD              DMA2_Channel4_5_IRQHandler ; DM
                                                            A2 Channel4 & Chann
                                                            el5
  120 00000130 00000000        DCD              SDIO2_IRQHandler ; SDIO2
  121 00000134 00000000        DCD              I2C3_EV_IRQHandler ; I2C3 Event
                                                            
  122 00000138 00000000        DCD              I2C3_ER_IRQHandler ; I2C3 Error
                                                            
  123 0000013C         __Vectors_End
  124 0000013C         
  125 0000013C 0000013C 
                       __Vectors_Size
                               EQU              __Vectors_End - __Vectors
  126 0000013C         
  127 0000013C                 AREA             |.text|, CODE, READONLY
  128 00000000         
  129 00000000         ; Reset handler
  130 00000000         Reset_Handler
                               PROC
  131 00000000                 EXPORT           Reset_Handler             [WEAK
]
  132 00000000                 IMPORT           __main
  133 00000000                 IMPORT           SystemInit
  134 00000000 4809            LDR              R0, =SystemInit
  135 00000002 4780            BLX              R0
  136 00000004 4809            LDR              R0, =__main
  137 00000006 4700            BX               R0
  138 00000008                 ENDP
  139 00000008         
  140 00000008         ; Dummy Exception Handlers (infinite loops which can be 
                       modified)
  141 00000008         
  142 00000008         NMI_Handler
                               PROC
  143 00000008                 EXPORT           NMI_Handler                [WEA
K]
  144 00000008 E7FE            B                .
  145 0000000A                 ENDP
  147 0000000A         HardFault_Handler
                               PROC
  148 0000000A                 EXPORT           HardFault_Handler          [WEA
K]
  149 0000000A E7FE            B                .
  150 0000000C                 ENDP
  152 0000000C         MemManage_Handler
                               PROC
  153 0000000C                 EXPORT           MemManage_Handler          [WEA
K]
  154 0000000C E7FE            B                .
  155 0000000E                 ENDP
  157 0000000E         BusFault_Handler
                               PROC
  158 0000000E                 EXPORT           BusFault_Handler           [WEA
K]
  159 0000000E E7FE            B                .
  160 00000010                 ENDP
  162 00000010         UsageFault_Handler
                               PROC
  163 00000010                 EXPORT           UsageFault_Handler         [WEA



ARM Macro Assembler    Page 5 


K]
  164 00000010 E7FE            B                .
  165 00000012                 ENDP
  166 00000012         SVC_Handler
                               PROC
  167 00000012                 EXPORT           SVC_Handler                [WEA
K]
  168 00000012 E7FE            B                .
  169 00000014                 ENDP
  171 00000014         DebugMon_Handler
                               PROC
  172 00000014                 EXPORT           DebugMon_Handler           [WEA
K]
  173 00000014 E7FE            B                .
  174 00000016                 ENDP
  175 00000016         PendSV_Handler
                               PROC
  176 00000016                 EXPORT           PendSV_Handler             [WEA
K]
  177 00000016 E7FE            B                .
  178 00000018                 ENDP
  179 00000018         SysTick_Handler
                               PROC
  180 00000018                 EXPORT           SysTick_Handler            [WEA
K]
  181 00000018 E7FE            B                .
  182 0000001A                 ENDP
  183 0000001A         
  184 0000001A         Default_Handler
                               PROC
  185 0000001A         
  186 0000001A                 EXPORT           WWDG_IRQHandler            [WEA
K]
  187 0000001A                 EXPORT           PVD_IRQHandler             [WEA
K]
  188 0000001A                 EXPORT           TAMPER_IRQHandler          [WEA
K]
  189 0000001A                 EXPORT           RTC_IRQHandler             [WEA
K]
  190 0000001A                 EXPORT           FLASH_IRQHandler           [WEA
K]
  191 0000001A                 EXPORT           RCC_IRQHandler             [WEA
K]
  192 0000001A                 EXPORT           EXTI0_IRQHandler           [WEA
K]
  193 0000001A                 EXPORT           EXTI1_IRQHandler           [WEA
K]
  194 0000001A                 EXPORT           EXTI2_IRQHandler           [WEA
K]
  195 0000001A                 EXPORT           EXTI3_IRQHandler           [WEA
K]
  196 0000001A                 EXPORT           EXTI4_IRQHandler           [WEA
K]
  197 0000001A                 EXPORT           DMA1_Channel1_IRQHandler   [WEA
K]
  198 0000001A                 EXPORT           DMA1_Channel2_IRQHandler   [WEA
K]
  199 0000001A                 EXPORT           DMA1_Channel3_IRQHandler   [WEA
K]



ARM Macro Assembler    Page 6 


  200 0000001A                 EXPORT           DMA1_Channel4_IRQHandler   [WEA
K]
  201 0000001A                 EXPORT           DMA1_Channel5_IRQHandler   [WEA
K]
  202 0000001A                 EXPORT           DMA1_Channel6_IRQHandler   [WEA
K]
  203 0000001A                 EXPORT           DMA1_Channel7_IRQHandler   [WEA
K]
  204 0000001A                 EXPORT           ADC1_2_IRQHandler          [WEA
K]
  205 0000001A                 EXPORT           USB_HP_CAN1_TX_IRQHandler  [WEA
K]
  206 0000001A                 EXPORT           USB_LP_CAN1_RX0_IRQHandler [WEA
K]
  207 0000001A                 EXPORT           CAN1_RX1_IRQHandler        [WEA
K]
  208 0000001A                 EXPORT           CAN1_SCE_IRQHandler        [WEA
K]
  209 0000001A                 EXPORT           EXTI9_5_IRQHandler         [WEA
K]
  210 0000001A                 EXPORT           TMR1_BRK_TMR9_IRQHandler   [WEA
K]
  211 0000001A                 EXPORT           TMR1_OV_TMR10_IRQHandler   [WEA
K]
  212 0000001A                 EXPORT           TMR1_TRG_HALL_TMR11_IRQHandler 
 [WEAK]
  213 0000001A                 EXPORT           TMR1_CC_IRQHandler         [WEA
K]
  214 0000001A                 EXPORT           TMR2_GLOBAL_IRQHandler     [WEA
K]
  215 0000001A                 EXPORT           TMR3_GLOBAL_IRQHandler     [WEA
K]
  216 0000001A                 EXPORT           TMR4_GLOBAL_IRQHandler     [WEA
K]
  217 0000001A                 EXPORT           I2C1_EV_IRQHandler         [WEA
K]
  218 0000001A                 EXPORT           I2C1_ER_IRQHandler         [WEA
K]
  219 0000001A                 EXPORT           I2C2_EV_IRQHandler         [WEA
K]
  220 0000001A                 EXPORT           I2C2_ER_IRQHandler         [WEA
K]
  221 0000001A                 EXPORT           SPI1_IRQHandler            [WEA
K]
  222 0000001A                 EXPORT           SPI2_IRQHandler            [WEA
K]
  223 0000001A                 EXPORT           USART1_IRQHandler          [WEA
K]
  224 0000001A                 EXPORT           USART2_IRQHandler          [WEA
K]
  225 0000001A                 EXPORT           USART3_IRQHandler          [WEA
K]
  226 0000001A                 EXPORT           EXTI15_10_IRQHandler       [WEA
K]
  227 0000001A                 EXPORT           RTCAlarm_IRQHandler        [WEA
K]
  228 0000001A                 EXPORT           USBWakeUp_IRQHandler       [WEA
K]
  229 0000001A                 EXPORT           TMR8_BRK_TMR12_IRQHandler  [WEA



ARM Macro Assembler    Page 7 


K]
  230 0000001A                 EXPORT           TMR8_OV_TMR13_IRQHandler   [WEA
K]
  231 0000001A                 EXPORT           TMR8_TRG_HALL_TMR14_IRQHandler 
 [WEAK]
  232 0000001A                 EXPORT           TMR8_CC_IRQHandler         [WEA
K]
  233 0000001A                 EXPORT           ADC3_IRQHandler         [WEAK]
  234 0000001A                 EXPORT           TMR5_GLOBAL_IRQHandler     [WEA
K]
  235 0000001A                 EXPORT           SPI3_IRQHandler            [WEA
K]
  236 0000001A                 EXPORT           TMR6_GLOBAL_IRQHandler     [WEA
K]
  237 0000001A                 EXPORT           TMR7_GLOBAL_IRQHandler     [WEA
K]
  238 0000001A                 EXPORT           DMA2_Channel1_IRQHandler   [WEA
K]
  239 0000001A                 EXPORT           DMA2_Channel2_IRQHandler   [WEA
K]
  240 0000001A                 EXPORT           DMA2_Channel3_IRQHandler   [WEA
K]
  241 0000001A                 EXPORT           DMA2_Channel4_5_IRQHandler [WEA
K]
  242 0000001A                 EXPORT           SDIO2_IRQHandler           [WEA
K]
  243 0000001A                 EXPORT           I2C3_EV_IRQHandler         [WEA
K]
  244 0000001A                 EXPORT           I2C3_ER_IRQHandler         [WEA
K]
  245 0000001A         
  246 0000001A         
  247 0000001A         WWDG_IRQHandler
  248 0000001A         PVD_IRQHandler
  249 0000001A         TAMPER_IRQHandler
  250 0000001A         RTC_IRQHandler
  251 0000001A         FLASH_IRQHandler
  252 0000001A         RCC_IRQHandler
  253 0000001A         EXTI0_IRQHandler
  254 0000001A         EXTI1_IRQHandler
  255 0000001A         EXTI2_IRQHandler
  256 0000001A         EXTI3_IRQHandler
  257 0000001A         EXTI4_IRQHandler
  258 0000001A         DMA1_Channel1_IRQHandler
  259 0000001A         DMA1_Channel2_IRQHandler
  260 0000001A         DMA1_Channel3_IRQHandler
  261 0000001A         DMA1_Channel4_IRQHandler
  262 0000001A         DMA1_Channel5_IRQHandler
  263 0000001A         DMA1_Channel6_IRQHandler
  264 0000001A         DMA1_Channel7_IRQHandler
  265 0000001A         ADC1_2_IRQHandler
  266 0000001A         USB_HP_CAN1_TX_IRQHandler
  267 0000001A         USB_LP_CAN1_RX0_IRQHandler
  268 0000001A         CAN1_RX1_IRQHandler
  269 0000001A         CAN1_SCE_IRQHandler
  270 0000001A         EXTI9_5_IRQHandler
  271 0000001A         TMR1_BRK_TMR9_IRQHandler
  272 0000001A         TMR1_OV_TMR10_IRQHandler
  273 0000001A         TMR1_TRG_HALL_TMR11_IRQHandler



ARM Macro Assembler    Page 8 


  274 0000001A         TMR1_CC_IRQHandler
  275 0000001A         TMR2_GLOBAL_IRQHandler
  276 0000001A         TMR3_GLOBAL_IRQHandler
  277 0000001A         TMR4_GLOBAL_IRQHandler
  278 0000001A         I2C1_EV_IRQHandler
  279 0000001A         I2C1_ER_IRQHandler
  280 0000001A         I2C2_EV_IRQHandler
  281 0000001A         I2C2_ER_IRQHandler
  282 0000001A         SPI1_IRQHandler
  283 0000001A         SPI2_IRQHandler
  284 0000001A         USART1_IRQHandler
  285 0000001A         USART2_IRQHandler
  286 0000001A         USART3_IRQHandler
  287 0000001A         EXTI15_10_IRQHandler
  288 0000001A         RTCAlarm_IRQHandler
  289 0000001A         USBWakeUp_IRQHandler
  290 0000001A         TMR8_BRK_TMR12_IRQHandler
  291 0000001A         TMR8_OV_TMR13_IRQHandler
  292 0000001A         TMR8_TRG_HALL_TMR14_IRQHandler
  293 0000001A         TMR8_CC_IRQHandler
  294 0000001A         ADC3_IRQHandler
  295 0000001A         TMR5_GLOBAL_IRQHandler
  296 0000001A         SPI3_IRQHandler
  297 0000001A         TMR6_GLOBAL_IRQHandler
  298 0000001A         TMR7_GLOBAL_IRQHandler
  299 0000001A         DMA2_Channel1_IRQHandler
  300 0000001A         DMA2_Channel2_IRQHandler
  301 0000001A         DMA2_Channel3_IRQHandler
  302 0000001A         DMA2_Channel4_5_IRQHandler
  303 0000001A         SDIO2_IRQHandler
  304 0000001A         I2C3_EV_IRQHandler
  305 0000001A         I2C3_ER_IRQHandler
  306 0000001A E7FE            B                .
  307 0000001C         
  308 0000001C                 ENDP
  309 0000001C         
  310 0000001C                 ALIGN
  311 0000001C         
  312 0000001C         ;*******************************************************
                       ************************
  313 0000001C         ; User Stack and Heap initialization
  314 0000001C         ;*******************************************************
                       ************************
  315 0000001C                 IF               :DEF:__MICROLIB
  322 0000001C         
  323 0000001C                 IMPORT           __use_two_region_memory
  324 0000001C                 EXPORT           __user_initial_stackheap
  325 0000001C         
  326 0000001C         __user_initial_stackheap
  327 0000001C         
  328 0000001C 4804            LDR              R0, =  Heap_Mem
  329 0000001E 4905            LDR              R1, =(Stack_Mem + Stack_Size)
  330 00000020 4A05            LDR              R2, = (Heap_Mem +  Heap_Size)
  331 00000022 4B06            LDR              R3, = Stack_Mem
  332 00000024 4770            BX               LR
  333 00000026         
  334 00000026 00 00           ALIGN
  335 00000028         
  336 00000028                 ENDIF



ARM Macro Assembler    Page 9 


  337 00000028         
  338 00000028                 END
              00000000 
              00000000 
              00000000 
              00000400 
              00000200 
              00000000 
Command Line: --debug --xref --diag_suppress=9931 --cpu=Cortex-M4.fp --apcs=int
erwork --depend=..\obj\startup_at32f403cx_xl.d -o..\obj\startup_at32f403cx_xl.o
 -I.\RTE\_led -ID:\keil_pack\Keil\AT32F4xx_DFP\1.2.0\Device\Include -I"D:\Progr
am Files\ARM\CMSIS\Include" --predefine="__UVISION_VERSION SETA 528" --list=..\
obj\startup_at32f403cx_xl.lst ..\CORE\startup_at32f403cx_xl.s



ARM Macro Assembler    Page 1 Alphabetic symbol ordering
Relocatable symbols

STACK 00000000

Symbol: STACK
   Definitions
      At line 17 in file ..\CORE\startup_at32f403cx_xl.s
   Uses
      None
Comment: STACK unused
Stack_Mem 00000000

Symbol: Stack_Mem
   Definitions
      At line 18 in file ..\CORE\startup_at32f403cx_xl.s
   Uses
      At line 329 in file ..\CORE\startup_at32f403cx_xl.s
      At line 331 in file ..\CORE\startup_at32f403cx_xl.s

__initial_sp 00000400

Symbol: __initial_sp
   Definitions
      At line 19 in file ..\CORE\startup_at32f403cx_xl.s
   Uses
      At line 42 in file ..\CORE\startup_at32f403cx_xl.s
Comment: __initial_sp used once
3 symbols



ARM Macro Assembler    Page 1 Alphabetic symbol ordering
Relocatable symbols

HEAP 00000000

Symbol: HEAP
   Definitions
      At line 27 in file ..\CORE\startup_at32f403cx_xl.s
   Uses
      None
Comment: HEAP unused
Heap_Mem 00000000

Symbol: Heap_Mem
   Definitions
      At line 29 in file ..\CORE\startup_at32f403cx_xl.s
   Uses
      At line 328 in file ..\CORE\startup_at32f403cx_xl.s
      At line 330 in file ..\CORE\startup_at32f403cx_xl.s

__heap_base 00000000

Symbol: __heap_base
   Definitions
      At line 28 in file ..\CORE\startup_at32f403cx_xl.s
   Uses
      None
Comment: __heap_base unused
__heap_limit 00000200

Symbol: __heap_limit
   Definitions
      At line 30 in file ..\CORE\startup_at32f403cx_xl.s
   Uses
      None
Comment: __heap_limit unused
4 symbols



ARM Macro Assembler    Page 1 Alphabetic symbol ordering
Relocatable symbols

RESET 00000000

Symbol: RESET
   Definitions
      At line 37 in file ..\CORE\startup_at32f403cx_xl.s
   Uses
      None
Comment: RESET unused
__Vectors 00000000

Symbol: __Vectors
   Definitions
      At line 42 in file ..\CORE\startup_at32f403cx_xl.s
   Uses
      At line 38 in file ..\CORE\startup_at32f403cx_xl.s
      At line 125 in file ..\CORE\startup_at32f403cx_xl.s

__Vectors_End 0000013C

Symbol: __Vectors_End
   Definitions
      At line 123 in file ..\CORE\startup_at32f403cx_xl.s
   Uses
      At line 39 in file ..\CORE\startup_at32f403cx_xl.s
      At line 125 in file ..\CORE\startup_at32f403cx_xl.s

3 symbols



ARM Macro Assembler    Page 1 Alphabetic symbol ordering
Relocatable symbols

.text 00000000

Symbol: .text
   Definitions
      At line 127 in file ..\CORE\startup_at32f403cx_xl.s
   Uses
      None
Comment: .text unused
ADC1_2_IRQHandler 0000001A

Symbol: ADC1_2_IRQHandler
   Definitions
      At line 265 in file ..\CORE\startup_at32f403cx_xl.s
   Uses
      At line 78 in file ..\CORE\startup_at32f403cx_xl.s
      At line 204 in file ..\CORE\startup_at32f403cx_xl.s

ADC3_IRQHandler 0000001A

Symbol: ADC3_IRQHandler
   Definitions
      At line 294 in file ..\CORE\startup_at32f403cx_xl.s
   Uses
      At line 107 in file ..\CORE\startup_at32f403cx_xl.s
      At line 233 in file ..\CORE\startup_at32f403cx_xl.s

BusFault_Handler 0000000E

Symbol: BusFault_Handler
   Definitions
      At line 157 in file ..\CORE\startup_at32f403cx_xl.s
   Uses
      At line 47 in file ..\CORE\startup_at32f403cx_xl.s
      At line 158 in file ..\CORE\startup_at32f403cx_xl.s

CAN1_RX1_IRQHandler 0000001A

Symbol: CAN1_RX1_IRQHandler
   Definitions
      At line 268 in file ..\CORE\startup_at32f403cx_xl.s
   Uses
      At line 81 in file ..\CORE\startup_at32f403cx_xl.s
      At line 207 in file ..\CORE\startup_at32f403cx_xl.s

CAN1_SCE_IRQHandler 0000001A

Symbol: CAN1_SCE_IRQHandler
   Definitions
      At line 269 in file ..\CORE\startup_at32f403cx_xl.s
   Uses
      At line 82 in file ..\CORE\startup_at32f403cx_xl.s
      At line 208 in file ..\CORE\startup_at32f403cx_xl.s

DMA1_Channel1_IRQHandler 0000001A

Symbol: DMA1_Channel1_IRQHandler
   Definitions
      At line 258 in file ..\CORE\startup_at32f403cx_xl.s
   Uses



ARM Macro Assembler    Page 2 Alphabetic symbol ordering
Relocatable symbols

      At line 71 in file ..\CORE\startup_at32f403cx_xl.s
      At line 197 in file ..\CORE\startup_at32f403cx_xl.s

DMA1_Channel2_IRQHandler 0000001A

Symbol: DMA1_Channel2_IRQHandler
   Definitions
      At line 259 in file ..\CORE\startup_at32f403cx_xl.s
   Uses
      At line 72 in file ..\CORE\startup_at32f403cx_xl.s
      At line 198 in file ..\CORE\startup_at32f403cx_xl.s

DMA1_Channel3_IRQHandler 0000001A

Symbol: DMA1_Channel3_IRQHandler
   Definitions
      At line 260 in file ..\CORE\startup_at32f403cx_xl.s
   Uses
      At line 73 in file ..\CORE\startup_at32f403cx_xl.s
      At line 199 in file ..\CORE\startup_at32f403cx_xl.s

DMA1_Channel4_IRQHandler 0000001A

Symbol: DMA1_Channel4_IRQHandler
   Definitions
      At line 261 in file ..\CORE\startup_at32f403cx_xl.s
   Uses
      At line 74 in file ..\CORE\startup_at32f403cx_xl.s
      At line 200 in file ..\CORE\startup_at32f403cx_xl.s

DMA1_Channel5_IRQHandler 0000001A

Symbol: DMA1_Channel5_IRQHandler
   Definitions
      At line 262 in file ..\CORE\startup_at32f403cx_xl.s
   Uses
      At line 75 in file ..\CORE\startup_at32f403cx_xl.s
      At line 201 in file ..\CORE\startup_at32f403cx_xl.s

DMA1_Channel6_IRQHandler 0000001A

Symbol: DMA1_Channel6_IRQHandler
   Definitions
      At line 263 in file ..\CORE\startup_at32f403cx_xl.s
   Uses
      At line 76 in file ..\CORE\startup_at32f403cx_xl.s
      At line 202 in file ..\CORE\startup_at32f403cx_xl.s

DMA1_Channel7_IRQHandler 0000001A

Symbol: DMA1_Channel7_IRQHandler
   Definitions
      At line 264 in file ..\CORE\startup_at32f403cx_xl.s
   Uses
      At line 77 in file ..\CORE\startup_at32f403cx_xl.s
      At line 203 in file ..\CORE\startup_at32f403cx_xl.s

DMA2_Channel1_IRQHandler 0000001A




ARM Macro Assembler    Page 3 Alphabetic symbol ordering
Relocatable symbols

Symbol: DMA2_Channel1_IRQHandler
   Definitions
      At line 299 in file ..\CORE\startup_at32f403cx_xl.s
   Uses
      At line 116 in file ..\CORE\startup_at32f403cx_xl.s
      At line 238 in file ..\CORE\startup_at32f403cx_xl.s

DMA2_Channel2_IRQHandler 0000001A

Symbol: DMA2_Channel2_IRQHandler
   Definitions
      At line 300 in file ..\CORE\startup_at32f403cx_xl.s
   Uses
      At line 117 in file ..\CORE\startup_at32f403cx_xl.s
      At line 239 in file ..\CORE\startup_at32f403cx_xl.s

DMA2_Channel3_IRQHandler 0000001A

Symbol: DMA2_Channel3_IRQHandler
   Definitions
      At line 301 in file ..\CORE\startup_at32f403cx_xl.s
   Uses
      At line 118 in file ..\CORE\startup_at32f403cx_xl.s
      At line 240 in file ..\CORE\startup_at32f403cx_xl.s

DMA2_Channel4_5_IRQHandler 0000001A

Symbol: DMA2_Channel4_5_IRQHandler
   Definitions
      At line 302 in file ..\CORE\startup_at32f403cx_xl.s
   Uses
      At line 119 in file ..\CORE\startup_at32f403cx_xl.s
      At line 241 in file ..\CORE\startup_at32f403cx_xl.s

DebugMon_Handler 00000014

Symbol: DebugMon_Handler
   Definitions
      At line 171 in file ..\CORE\startup_at32f403cx_xl.s
   Uses
      At line 54 in file ..\CORE\startup_at32f403cx_xl.s
      At line 172 in file ..\CORE\startup_at32f403cx_xl.s

Default_Handler 0000001A

Symbol: Default_Handler
   Definitions
      At line 184 in file ..\CORE\startup_at32f403cx_xl.s
   Uses
      None
Comment: Default_Handler unused
EXTI0_IRQHandler 0000001A

Symbol: EXTI0_IRQHandler
   Definitions
      At line 253 in file ..\CORE\startup_at32f403cx_xl.s
   Uses
      At line 66 in file ..\CORE\startup_at32f403cx_xl.s
      At line 192 in file ..\CORE\startup_at32f403cx_xl.s



ARM Macro Assembler    Page 4 Alphabetic symbol ordering
Relocatable symbols


EXTI15_10_IRQHandler 0000001A

Symbol: EXTI15_10_IRQHandler
   Definitions
      At line 287 in file ..\CORE\startup_at32f403cx_xl.s
   Uses
      At line 100 in file ..\CORE\startup_at32f403cx_xl.s
      At line 226 in file ..\CORE\startup_at32f403cx_xl.s

EXTI1_IRQHandler 0000001A

Symbol: EXTI1_IRQHandler
   Definitions
      At line 254 in file ..\CORE\startup_at32f403cx_xl.s
   Uses
      At line 67 in file ..\CORE\startup_at32f403cx_xl.s
      At line 193 in file ..\CORE\startup_at32f403cx_xl.s

EXTI2_IRQHandler 0000001A

Symbol: EXTI2_IRQHandler
   Definitions
      At line 255 in file ..\CORE\startup_at32f403cx_xl.s
   Uses
      At line 68 in file ..\CORE\startup_at32f403cx_xl.s
      At line 194 in file ..\CORE\startup_at32f403cx_xl.s

EXTI3_IRQHandler 0000001A

Symbol: EXTI3_IRQHandler
   Definitions
      At line 256 in file ..\CORE\startup_at32f403cx_xl.s
   Uses
      At line 69 in file ..\CORE\startup_at32f403cx_xl.s
      At line 195 in file ..\CORE\startup_at32f403cx_xl.s

EXTI4_IRQHandler 0000001A

Symbol: EXTI4_IRQHandler
   Definitions
      At line 257 in file ..\CORE\startup_at32f403cx_xl.s
   Uses
      At line 70 in file ..\CORE\startup_at32f403cx_xl.s
      At line 196 in file ..\CORE\startup_at32f403cx_xl.s

EXTI9_5_IRQHandler 0000001A

Symbol: EXTI9_5_IRQHandler
   Definitions
      At line 270 in file ..\CORE\startup_at32f403cx_xl.s
   Uses
      At line 83 in file ..\CORE\startup_at32f403cx_xl.s
      At line 209 in file ..\CORE\startup_at32f403cx_xl.s

FLASH_IRQHandler 0000001A

Symbol: FLASH_IRQHandler
   Definitions



ARM Macro Assembler    Page 5 Alphabetic symbol ordering
Relocatable symbols

      At line 251 in file ..\CORE\startup_at32f403cx_xl.s
   Uses
      At line 64 in file ..\CORE\startup_at32f403cx_xl.s
      At line 190 in file ..\CORE\startup_at32f403cx_xl.s

HardFault_Handler 0000000A

Symbol: HardFault_Handler
   Definitions
      At line 147 in file ..\CORE\startup_at32f403cx_xl.s
   Uses
      At line 45 in file ..\CORE\startup_at32f403cx_xl.s
      At line 148 in file ..\CORE\startup_at32f403cx_xl.s

I2C1_ER_IRQHandler 0000001A

Symbol: I2C1_ER_IRQHandler
   Definitions
      At line 279 in file ..\CORE\startup_at32f403cx_xl.s
   Uses
      At line 92 in file ..\CORE\startup_at32f403cx_xl.s
      At line 218 in file ..\CORE\startup_at32f403cx_xl.s

I2C1_EV_IRQHandler 0000001A

Symbol: I2C1_EV_IRQHandler
   Definitions
      At line 278 in file ..\CORE\startup_at32f403cx_xl.s
   Uses
      At line 91 in file ..\CORE\startup_at32f403cx_xl.s
      At line 217 in file ..\CORE\startup_at32f403cx_xl.s

I2C2_ER_IRQHandler 0000001A

Symbol: I2C2_ER_IRQHandler
   Definitions
      At line 281 in file ..\CORE\startup_at32f403cx_xl.s
   Uses
      At line 94 in file ..\CORE\startup_at32f403cx_xl.s
      At line 220 in file ..\CORE\startup_at32f403cx_xl.s

I2C2_EV_IRQHandler 0000001A

Symbol: I2C2_EV_IRQHandler
   Definitions
      At line 280 in file ..\CORE\startup_at32f403cx_xl.s
   Uses
      At line 93 in file ..\CORE\startup_at32f403cx_xl.s
      At line 219 in file ..\CORE\startup_at32f403cx_xl.s

I2C3_ER_IRQHandler 0000001A

Symbol: I2C3_ER_IRQHandler
   Definitions
      At line 305 in file ..\CORE\startup_at32f403cx_xl.s
   Uses
      At line 122 in file ..\CORE\startup_at32f403cx_xl.s
      At line 244 in file ..\CORE\startup_at32f403cx_xl.s




ARM Macro Assembler    Page 6 Alphabetic symbol ordering
Relocatable symbols

I2C3_EV_IRQHandler 0000001A

Symbol: I2C3_EV_IRQHandler
   Definitions
      At line 304 in file ..\CORE\startup_at32f403cx_xl.s
   Uses
      At line 121 in file ..\CORE\startup_at32f403cx_xl.s
      At line 243 in file ..\CORE\startup_at32f403cx_xl.s

MemManage_Handler 0000000C

Symbol: MemManage_Handler
   Definitions
      At line 152 in file ..\CORE\startup_at32f403cx_xl.s
   Uses
      At line 46 in file ..\CORE\startup_at32f403cx_xl.s
      At line 153 in file ..\CORE\startup_at32f403cx_xl.s

NMI_Handler 00000008

Symbol: NMI_Handler
   Definitions
      At line 142 in file ..\CORE\startup_at32f403cx_xl.s
   Uses
      At line 44 in file ..\CORE\startup_at32f403cx_xl.s
      At line 143 in file ..\CORE\startup_at32f403cx_xl.s

PVD_IRQHandler 0000001A

Symbol: PVD_IRQHandler
   Definitions
      At line 248 in file ..\CORE\startup_at32f403cx_xl.s
   Uses
      At line 61 in file ..\CORE\startup_at32f403cx_xl.s
      At line 187 in file ..\CORE\startup_at32f403cx_xl.s

PendSV_Handler 00000016

Symbol: PendSV_Handler
   Definitions
      At line 175 in file ..\CORE\startup_at32f403cx_xl.s
   Uses
      At line 56 in file ..\CORE\startup_at32f403cx_xl.s
      At line 176 in file ..\CORE\startup_at32f403cx_xl.s

RCC_IRQHandler 0000001A

Symbol: RCC_IRQHandler
   Definitions
      At line 252 in file ..\CORE\startup_at32f403cx_xl.s
   Uses
      At line 65 in file ..\CORE\startup_at32f403cx_xl.s
      At line 191 in file ..\CORE\startup_at32f403cx_xl.s

RTCAlarm_IRQHandler 0000001A

Symbol: RTCAlarm_IRQHandler
   Definitions
      At line 288 in file ..\CORE\startup_at32f403cx_xl.s



ARM Macro Assembler    Page 7 Alphabetic symbol ordering
Relocatable symbols

   Uses
      At line 101 in file ..\CORE\startup_at32f403cx_xl.s
      At line 227 in file ..\CORE\startup_at32f403cx_xl.s

RTC_IRQHandler 0000001A

Symbol: RTC_IRQHandler
   Definitions
      At line 250 in file ..\CORE\startup_at32f403cx_xl.s
   Uses
      At line 63 in file ..\CORE\startup_at32f403cx_xl.s
      At line 189 in file ..\CORE\startup_at32f403cx_xl.s

Reset_Handler 00000000

Symbol: Reset_Handler
   Definitions
      At line 130 in file ..\CORE\startup_at32f403cx_xl.s
   Uses
      At line 43 in file ..\CORE\startup_at32f403cx_xl.s
      At line 131 in file ..\CORE\startup_at32f403cx_xl.s

SDIO2_IRQHandler 0000001A

Symbol: SDIO2_IRQHandler
   Definitions
      At line 303 in file ..\CORE\startup_at32f403cx_xl.s
   Uses
      At line 120 in file ..\CORE\startup_at32f403cx_xl.s
      At line 242 in file ..\CORE\startup_at32f403cx_xl.s

SPI1_IRQHandler 0000001A

Symbol: SPI1_IRQHandler
   Definitions
      At line 282 in file ..\CORE\startup_at32f403cx_xl.s
   Uses
      At line 95 in file ..\CORE\startup_at32f403cx_xl.s
      At line 221 in file ..\CORE\startup_at32f403cx_xl.s

SPI2_IRQHandler 0000001A

Symbol: SPI2_IRQHandler
   Definitions
      At line 283 in file ..\CORE\startup_at32f403cx_xl.s
   Uses
      At line 96 in file ..\CORE\startup_at32f403cx_xl.s
      At line 222 in file ..\CORE\startup_at32f403cx_xl.s

SPI3_IRQHandler 0000001A

Symbol: SPI3_IRQHandler
   Definitions
      At line 296 in file ..\CORE\startup_at32f403cx_xl.s
   Uses
      At line 111 in file ..\CORE\startup_at32f403cx_xl.s
      At line 235 in file ..\CORE\startup_at32f403cx_xl.s

SVC_Handler 00000012



ARM Macro Assembler    Page 8 Alphabetic symbol ordering
Relocatable symbols


Symbol: SVC_Handler
   Definitions
      At line 166 in file ..\CORE\startup_at32f403cx_xl.s
   Uses
      At line 53 in file ..\CORE\startup_at32f403cx_xl.s
      At line 167 in file ..\CORE\startup_at32f403cx_xl.s

SysTick_Handler 00000018

Symbol: SysTick_Handler
   Definitions
      At line 179 in file ..\CORE\startup_at32f403cx_xl.s
   Uses
      At line 57 in file ..\CORE\startup_at32f403cx_xl.s
      At line 180 in file ..\CORE\startup_at32f403cx_xl.s

TAMPER_IRQHandler 0000001A

Symbol: TAMPER_IRQHandler
   Definitions
      At line 249 in file ..\CORE\startup_at32f403cx_xl.s
   Uses
      At line 62 in file ..\CORE\startup_at32f403cx_xl.s
      At line 188 in file ..\CORE\startup_at32f403cx_xl.s

TMR1_BRK_TMR9_IRQHandler 0000001A

Symbol: TMR1_BRK_TMR9_IRQHandler
   Definitions
      At line 271 in file ..\CORE\startup_at32f403cx_xl.s
   Uses
      At line 84 in file ..\CORE\startup_at32f403cx_xl.s
      At line 210 in file ..\CORE\startup_at32f403cx_xl.s

TMR1_CC_IRQHandler 0000001A

Symbol: TMR1_CC_IRQHandler
   Definitions
      At line 274 in file ..\CORE\startup_at32f403cx_xl.s
   Uses
      At line 87 in file ..\CORE\startup_at32f403cx_xl.s
      At line 213 in file ..\CORE\startup_at32f403cx_xl.s

TMR1_OV_TMR10_IRQHandler 0000001A

Symbol: TMR1_OV_TMR10_IRQHandler
   Definitions
      At line 272 in file ..\CORE\startup_at32f403cx_xl.s
   Uses
      At line 85 in file ..\CORE\startup_at32f403cx_xl.s
      At line 211 in file ..\CORE\startup_at32f403cx_xl.s

TMR1_TRG_HALL_TMR11_IRQHandler 0000001A

Symbol: TMR1_TRG_HALL_TMR11_IRQHandler
   Definitions
      At line 273 in file ..\CORE\startup_at32f403cx_xl.s
   Uses



ARM Macro Assembler    Page 9 Alphabetic symbol ordering
Relocatable symbols

      At line 86 in file ..\CORE\startup_at32f403cx_xl.s
      At line 212 in file ..\CORE\startup_at32f403cx_xl.s

TMR2_GLOBAL_IRQHandler 0000001A

Symbol: TMR2_GLOBAL_IRQHandler
   Definitions
      At line 275 in file ..\CORE\startup_at32f403cx_xl.s
   Uses
      At line 88 in file ..\CORE\startup_at32f403cx_xl.s
      At line 214 in file ..\CORE\startup_at32f403cx_xl.s

TMR3_GLOBAL_IRQHandler 0000001A

Symbol: TMR3_GLOBAL_IRQHandler
   Definitions
      At line 276 in file ..\CORE\startup_at32f403cx_xl.s
   Uses
      At line 89 in file ..\CORE\startup_at32f403cx_xl.s
      At line 215 in file ..\CORE\startup_at32f403cx_xl.s

TMR4_GLOBAL_IRQHandler 0000001A

Symbol: TMR4_GLOBAL_IRQHandler
   Definitions
      At line 277 in file ..\CORE\startup_at32f403cx_xl.s
   Uses
      At line 90 in file ..\CORE\startup_at32f403cx_xl.s
      At line 216 in file ..\CORE\startup_at32f403cx_xl.s

TMR5_GLOBAL_IRQHandler 0000001A

Symbol: TMR5_GLOBAL_IRQHandler
   Definitions
      At line 295 in file ..\CORE\startup_at32f403cx_xl.s
   Uses
      At line 110 in file ..\CORE\startup_at32f403cx_xl.s
      At line 234 in file ..\CORE\startup_at32f403cx_xl.s

TMR6_GLOBAL_IRQHandler 0000001A

Symbol: TMR6_GLOBAL_IRQHandler
   Definitions
      At line 297 in file ..\CORE\startup_at32f403cx_xl.s
   Uses
      At line 114 in file ..\CORE\startup_at32f403cx_xl.s
      At line 236 in file ..\CORE\startup_at32f403cx_xl.s

TMR7_GLOBAL_IRQHandler 0000001A

Symbol: TMR7_GLOBAL_IRQHandler
   Definitions
      At line 298 in file ..\CORE\startup_at32f403cx_xl.s
   Uses
      At line 115 in file ..\CORE\startup_at32f403cx_xl.s
      At line 237 in file ..\CORE\startup_at32f403cx_xl.s

TMR8_BRK_TMR12_IRQHandler 0000001A




ARM Macro Assembler    Page 10 Alphabetic symbol ordering
Relocatable symbols

Symbol: TMR8_BRK_TMR12_IRQHandler
   Definitions
      At line 290 in file ..\CORE\startup_at32f403cx_xl.s
   Uses
      At line 103 in file ..\CORE\startup_at32f403cx_xl.s
      At line 229 in file ..\CORE\startup_at32f403cx_xl.s

TMR8_CC_IRQHandler 0000001A

Symbol: TMR8_CC_IRQHandler
   Definitions
      At line 293 in file ..\CORE\startup_at32f403cx_xl.s
   Uses
      At line 106 in file ..\CORE\startup_at32f403cx_xl.s
      At line 232 in file ..\CORE\startup_at32f403cx_xl.s

TMR8_OV_TMR13_IRQHandler 0000001A

Symbol: TMR8_OV_TMR13_IRQHandler
   Definitions
      At line 291 in file ..\CORE\startup_at32f403cx_xl.s
   Uses
      At line 104 in file ..\CORE\startup_at32f403cx_xl.s
      At line 230 in file ..\CORE\startup_at32f403cx_xl.s

TMR8_TRG_HALL_TMR14_IRQHandler 0000001A

Symbol: TMR8_TRG_HALL_TMR14_IRQHandler
   Definitions
      At line 292 in file ..\CORE\startup_at32f403cx_xl.s
   Uses
      At line 105 in file ..\CORE\startup_at32f403cx_xl.s
      At line 231 in file ..\CORE\startup_at32f403cx_xl.s

USART1_IRQHandler 0000001A

Symbol: USART1_IRQHandler
   Definitions
      At line 284 in file ..\CORE\startup_at32f403cx_xl.s
   Uses
      At line 97 in file ..\CORE\startup_at32f403cx_xl.s
      At line 223 in file ..\CORE\startup_at32f403cx_xl.s

USART2_IRQHandler 0000001A

Symbol: USART2_IRQHandler
   Definitions
      At line 285 in file ..\CORE\startup_at32f403cx_xl.s
   Uses
      At line 98 in file ..\CORE\startup_at32f403cx_xl.s
      At line 224 in file ..\CORE\startup_at32f403cx_xl.s

USART3_IRQHandler 0000001A

Symbol: USART3_IRQHandler
   Definitions
      At line 286 in file ..\CORE\startup_at32f403cx_xl.s
   Uses
      At line 99 in file ..\CORE\startup_at32f403cx_xl.s



ARM Macro Assembler    Page 11 Alphabetic symbol ordering
Relocatable symbols

      At line 225 in file ..\CORE\startup_at32f403cx_xl.s

USBWakeUp_IRQHandler 0000001A

Symbol: USBWakeUp_IRQHandler
   Definitions
      At line 289 in file ..\CORE\startup_at32f403cx_xl.s
   Uses
      At line 102 in file ..\CORE\startup_at32f403cx_xl.s
      At line 228 in file ..\CORE\startup_at32f403cx_xl.s

USB_HP_CAN1_TX_IRQHandler 0000001A

Symbol: USB_HP_CAN1_TX_IRQHandler
   Definitions
      At line 266 in file ..\CORE\startup_at32f403cx_xl.s
   Uses
      At line 79 in file ..\CORE\startup_at32f403cx_xl.s
      At line 205 in file ..\CORE\startup_at32f403cx_xl.s

USB_LP_CAN1_RX0_IRQHandler 0000001A

Symbol: USB_LP_CAN1_RX0_IRQHandler
   Definitions
      At line 267 in file ..\CORE\startup_at32f403cx_xl.s
   Uses
      At line 80 in file ..\CORE\startup_at32f403cx_xl.s
      At line 206 in file ..\CORE\startup_at32f403cx_xl.s

UsageFault_Handler 00000010

Symbol: UsageFault_Handler
   Definitions
      At line 162 in file ..\CORE\startup_at32f403cx_xl.s
   Uses
      At line 48 in file ..\CORE\startup_at32f403cx_xl.s
      At line 163 in file ..\CORE\startup_at32f403cx_xl.s

WWDG_IRQHandler 0000001A

Symbol: WWDG_IRQHandler
   Definitions
      At line 247 in file ..\CORE\startup_at32f403cx_xl.s
   Uses
      At line 60 in file ..\CORE\startup_at32f403cx_xl.s
      At line 186 in file ..\CORE\startup_at32f403cx_xl.s

__user_initial_stackheap 0000001C

Symbol: __user_initial_stackheap
   Definitions
      At line 326 in file ..\CORE\startup_at32f403cx_xl.s
   Uses
      At line 324 in file ..\CORE\startup_at32f403cx_xl.s
Comment: __user_initial_stackheap used once
72 symbols



ARM Macro Assembler    Page 1 Alphabetic symbol ordering
Absolute symbols

Heap_Size 00000200

Symbol: Heap_Size
   Definitions
      At line 25 in file ..\CORE\startup_at32f403cx_xl.s
   Uses
      At line 29 in file ..\CORE\startup_at32f403cx_xl.s
      At line 330 in file ..\CORE\startup_at32f403cx_xl.s

Stack_Size 00000400

Symbol: Stack_Size
   Definitions
      At line 15 in file ..\CORE\startup_at32f403cx_xl.s
   Uses
      At line 18 in file ..\CORE\startup_at32f403cx_xl.s
      At line 329 in file ..\CORE\startup_at32f403cx_xl.s

__Vectors_Size 0000013C

Symbol: __Vectors_Size
   Definitions
      At line 125 in file ..\CORE\startup_at32f403cx_xl.s
   Uses
      At line 40 in file ..\CORE\startup_at32f403cx_xl.s
Comment: __Vectors_Size used once
3 symbols



ARM Macro Assembler    Page 1 Alphabetic symbol ordering
External symbols

SystemInit 00000000

Symbol: SystemInit
   Definitions
      At line 133 in file ..\CORE\startup_at32f403cx_xl.s
   Uses
      At line 134 in file ..\CORE\startup_at32f403cx_xl.s
Comment: SystemInit used once
__main 00000000

Symbol: __main
   Definitions
      At line 132 in file ..\CORE\startup_at32f403cx_xl.s
   Uses
      At line 136 in file ..\CORE\startup_at32f403cx_xl.s
Comment: __main used once
__use_two_region_memory 00000000

Symbol: __use_two_region_memory
   Definitions
      At line 323 in file ..\CORE\startup_at32f403cx_xl.s
   Uses
      None
Comment: __use_two_region_memory unused
3 symbols
424 symbols in table
